PCAD Importer Log
Project : ay-arm-top.PRJPCB

Section : D:\KEIL.PRJ\STM_AYX32_TSL\DOC\SCHEMATIC\ALTIUM\TRANS\Pro\ay-arm-top.sch
    Section : Parsing Messages
        Warning - 1 : Skipping Token defaultPinDes On Line 134
        Warning - 1 : Skipping Token defaultPinDes On Line 142
        Warning - 1 : Skipping Token defaultPinDes On Line 150
        Warning - 1 : Skipping Token defaultPinDes On Line 158
        Warning - 1 : Skipping Token defaultPinDes On Line 166
        Warning - 1 : Skipping Token defaultPinDes On Line 174
        Warning - 1 : Skipping Token defaultPinDes On Line 182
        Warning - 1 : Skipping Token defaultPinDes On Line 190
        Warning - 1 : Skipping Token defaultPinDes On Line 198
        Warning - 1 : Skipping Token defaultPinDes On Line 206
        Warning - 1 : Skipping Token defaultPinDes On Line 214
        Warning - 1 : Skipping Token defaultPinDes On Line 222
        Warning - 1 : Skipping Token defaultPinDes On Line 230
        Warning - 1 : Skipping Token defaultPinDes On Line 238
        Warning - 1 : Skipping Token defaultPinDes On Line 246
        Warning - 1 : Skipping Token defaultPinDes On Line 254
        Warning - 1 : Skipping Token defaultPinDes On Line 262
        Warning - 1 : Skipping Token defaultPinDes On Line 270
        Warning - 1 : Skipping Token defaultPinDes On Line 278
        Warning - 1 : Skipping Token defaultPinDes On Line 286
        Warning - 1 : Skipping Token defaultPinDes On Line 294
        Warning - 1 : Skipping Token defaultPinDes On Line 302
        Warning - 1 : Skipping Token defaultPinDes On Line 310
        Warning - 1 : Skipping Token defaultPinDes On Line 318
        Warning - 1 : Skipping Token defaultPinDes On Line 326
        Warning - 1 : Skipping Token defaultPinDes On Line 334
        Warning - 1 : Skipping Token defaultPinDes On Line 342
        Warning - 1 : Skipping Token defaultPinDes On Line 350
        Warning - 1 : Skipping Token defaultPinDes On Line 358
        Warning - 1 : Skipping Token defaultPinDes On Line 366
        Warning - 1 : Skipping Token defaultPinDes On Line 374
        Warning - 1 : Skipping Token defaultPinDes On Line 382
        Warning - 1 : Skipping Token defaultPinDes On Line 390
        Warning - 1 : Skipping Token defaultPinDes On Line 398
        Warning - 1 : Skipping Token defaultPinDes On Line 406
        Warning - 1 : Skipping Token defaultPinDes On Line 414
        Warning - 1 : Skipping Token defaultPinDes On Line 434
        Warning - 1 : Skipping Token defaultPinDes On Line 442
        Warning - 1 : Skipping Token defaultPinDes On Line 450
        Warning - 1 : Skipping Token defaultPinDes On Line 458
        Warning - 1 : Skipping Token defaultPinDes On Line 466
        Warning - 1 : Skipping Token defaultPinDes On Line 474
        Warning - 1 : Skipping Token defaultPinDes On Line 482
        Warning - 1 : Skipping Token defaultPinDes On Line 490
        Warning - 1 : Skipping Token defaultPinDes On Line 498
        Warning - 1 : Skipping Token defaultPinDes On Line 506
        Warning - 1 : Skipping Token defaultPinDes On Line 514
        Warning - 1 : Skipping Token defaultPinDes On Line 522
        Warning - 1 : Skipping Token defaultPinDes On Line 530
        Warning - 1 : Skipping Token defaultPinDes On Line 538
        Warning - 1 : Skipping Token defaultPinDes On Line 546
        Warning - 1 : Skipping Token defaultPinDes On Line 554
        Warning - 1 : Skipping Token defaultPinDes On Line 562
        Warning - 1 : Skipping Token defaultPinDes On Line 570
        Warning - 1 : Skipping Token defaultPinDes On Line 578
        Warning - 1 : Skipping Token defaultPinDes On Line 586
        Warning - 1 : Skipping Token defaultPinDes On Line 594
        Warning - 1 : Skipping Token defaultPinDes On Line 602
        Warning - 1 : Skipping Token defaultPinDes On Line 610
        Warning - 1 : Skipping Token defaultPinDes On Line 618
        Warning - 1 : Skipping Token defaultPinDes On Line 626
        Warning - 1 : Skipping Token defaultPinDes On Line 634
        Warning - 1 : Skipping Token defaultPinDes On Line 642
        Warning - 1 : Skipping Token defaultPinDes On Line 650
        Warning - 1 : Skipping Token defaultPinDes On Line 658
        Warning - 1 : Skipping Token defaultPinDes On Line 666
        Warning - 1 : Skipping Token defaultPinDes On Line 674
        Warning - 1 : Skipping Token defaultPinDes On Line 682
        Warning - 1 : Skipping Token defaultPinDes On Line 690
        Warning - 1 : Skipping Token defaultPinDes On Line 698
        Warning - 1 : Skipping Token defaultPinDes On Line 706
        Warning - 1 : Skipping Token defaultPinDes On Line 714
        Warning - 1 : Skipping Token defaultPinDes On Line 722
        Warning - 1 : Skipping Token defaultPinDes On Line 730
        Warning - 1 : Skipping Token defaultPinDes On Line 738
        Warning - 1 : Skipping Token defaultPinDes On Line 746
        Warning - 1 : Skipping Token defaultPinDes On Line 754
        Warning - 1 : Skipping Token defaultPinDes On Line 762
        Warning - 1 : Skipping Token defaultPinDes On Line 770
        Warning - 1 : Skipping Token defaultPinDes On Line 778
        Warning - 1 : Skipping Token defaultPinDes On Line 786
        Warning - 1 : Skipping Token defaultPinDes On Line 794
        Warning - 1 : Skipping Token defaultPinDes On Line 802
        Warning - 1 : Skipping Token defaultPinDes On Line 810
        Warning - 1 : Skipping Token defaultPinDes On Line 818
        Warning - 1 : Skipping Token defaultPinDes On Line 826
        Warning - 1 : Skipping Token defaultPinDes On Line 834
        Warning - 1 : Skipping Token defaultPinDes On Line 842
        Warning - 1 : Skipping Token defaultPinDes On Line 850
        Warning - 1 : Skipping Token defaultPinDes On Line 858
        Warning - 1 : Skipping Token defaultPinDes On Line 881
        Warning - 1 : Skipping Token defaultPinDes On Line 888
        Warning - 1 : Skipping Token defaultPinDes On Line 895
        Warning - 1 : Skipping Token defaultPinDes On Line 918
        Warning - 1 : Skipping Token defaultPinDes On Line 926
        Warning - 1 : Skipping Token defaultPinDes On Line 950
        Warning - 1 : Skipping Token defaultPinDes On Line 957
        Warning - 1 : Skipping Token defaultPinDes On Line 964
        Warning - 1 : Skipping Token defaultPinDes On Line 971
        Warning - 1 : Skipping Token defaultPinDes On Line 978
        Warning - 1 : Skipping Token defaultPinDes On Line 1007
        Warning - 1 : Skipping Token defaultPinDes On Line 1015
        Warning - 1 : Skipping Token defaultPinDes On Line 1023
        Warning - 1 : Skipping Token defaultPinDes On Line 1058
        Warning - 1 : Skipping Token defaultPinDes On Line 1066
        Warning - 1 : Skipping Token defaultPinDes On Line 1074
        Warning - 1 : Skipping Token defaultPinDes On Line 1082
        Warning - 1 : Skipping Token defaultPinDes On Line 1090
        Warning - 1 : Skipping Token defaultPinDes On Line 1098
        Warning - 1 : Skipping Token defaultPinDes On Line 1106
        Warning - 1 : Skipping Token defaultPinDes On Line 1114
        Warning - 1 : Skipping Token defaultPinDes On Line 1122
        Warning - 1 : Skipping Token defaultPinDes On Line 1130
        Warning - 1 : Skipping Token defaultPinDes On Line 1138
        Warning - 1 : Skipping Token defaultPinDes On Line 1146
        Warning - 1 : Skipping Token defaultPinDes On Line 1154
        Warning - 1 : Skipping Token defaultPinDes On Line 1162
        Warning - 1 : Skipping Token defaultPinDes On Line 1170
        Warning - 1 : Skipping Token defaultPinDes On Line 1178
        Warning - 1 : Skipping Token defaultPinDes On Line 1186
        Warning - 1 : Skipping Token defaultPinDes On Line 1194
        Warning - 1 : Skipping Token defaultPinDes On Line 1202
        Warning - 1 : Skipping Token defaultPinDes On Line 1210
        Warning - 1 : Skipping Token defaultPinDes On Line 1218
        Warning - 1 : Skipping Token defaultPinDes On Line 1226
        Warning - 1 : Skipping Token defaultPinDes On Line 1234
        Warning - 1 : Skipping Token defaultPinDes On Line 1242
        Warning - 1 : Skipping Token defaultPinDes On Line 1250
        Warning - 1 : Skipping Token defaultPinDes On Line 1258
        Warning - 1 : Skipping Token defaultPinDes On Line 1266
        Warning - 1 : Skipping Token defaultPinDes On Line 1274
        Warning - 1 : Skipping Token defaultPinDes On Line 1282
        Warning - 1 : Skipping Token defaultPinDes On Line 1290
        Warning - 1 : Skipping Token defaultPinDes On Line 1298
        Warning - 1 : Skipping Token defaultPinDes On Line 1306
        Warning - 1 : Skipping Token defaultPinDes On Line 1314
        Warning - 1 : Skipping Token defaultPinDes On Line 1322
        Warning - 1 : Skipping Token defaultPinDes On Line 1330
        Warning - 1 : Skipping Token defaultPinDes On Line 1338
        Warning - 1 : Skipping Token defaultPinDes On Line 1346
        Warning - 1 : Skipping Token defaultPinDes On Line 1354
        Warning - 1 : Skipping Token defaultPinDes On Line 1362
        Warning - 1 : Skipping Token defaultPinDes On Line 1370
        Warning - 1 : Skipping Token defaultPinDes On Line 1378
        Warning - 1 : Skipping Token defaultPinDes On Line 1386
        Warning - 1 : Skipping Token defaultPinDes On Line 1394
        Warning - 1 : Skipping Token defaultPinDes On Line 1402
        Warning - 1 : Skipping Token defaultPinDes On Line 1410
        Warning - 1 : Skipping Token defaultPinDes On Line 1418
        Warning - 1 : Skipping Token defaultPinDes On Line 1426
        Warning - 1 : Skipping Token defaultPinDes On Line 1434
        Warning - 1 : Skipping Token defaultPinDes On Line 1442
        Warning - 1 : Skipping Token defaultPinDes On Line 1450
        Warning - 1 : Skipping Token defaultPinDes On Line 1458
        Warning - 1 : Skipping Token defaultPinDes On Line 1466
        Warning - 1 : Skipping Token defaultPinDes On Line 1474
        Warning - 1 : Skipping Token defaultPinDes On Line 1482
        Warning - 1 : Skipping Token defaultPinDes On Line 1490
        Warning - 1 : Skipping Token defaultPinDes On Line 1498
        Warning - 1 : Skipping Token defaultPinDes On Line 1506
        Warning - 1 : Skipping Token defaultPinDes On Line 1514
        Warning - 1 : Skipping Token defaultPinDes On Line 1522
        Warning - 1 : Skipping Token defaultPinDes On Line 1530
        Warning - 1 : Skipping Token defaultPinDes On Line 1538
        Warning - 1 : Skipping Token defaultPinDes On Line 1546
        Warning - 1 : Skipping Token defaultPinDes On Line 1554
        Warning - 1 : Skipping Token defaultPinDes On Line 1562
        Warning - 1 : Skipping Token defaultPinDes On Line 1570
        Warning - 1 : Skipping Token defaultPinDes On Line 1578
        Warning - 1 : Skipping Token defaultPinDes On Line 1586
        Warning - 1 : Skipping Token defaultPinDes On Line 1594
        Warning - 1 : Skipping Token defaultPinDes On Line 1602
        Warning - 1 : Skipping Token defaultPinDes On Line 1610
        Warning - 1 : Skipping Token defaultPinDes On Line 1618
        Warning - 1 : Skipping Token defaultPinDes On Line 1626
        Warning - 1 : Skipping Token defaultPinDes On Line 1634
        Warning - 1 : Skipping Token defaultPinDes On Line 1642
        Warning - 1 : Skipping Token defaultPinDes On Line 1650
        Warning - 1 : Skipping Token defaultPinDes On Line 1658
        Warning - 1 : Skipping Token defaultPinDes On Line 1666
        Warning - 1 : Skipping Token defaultPinDes On Line 1674
        Warning - 1 : Skipping Token defaultPinDes On Line 1682
        Warning - 1 : Skipping Token defaultPinDes On Line 1690
        Warning - 1 : Skipping Token defaultPinDes On Line 1698
        Warning - 1 : Skipping Token defaultPinDes On Line 1706
        Warning - 1 : Skipping Token defaultPinDes On Line 1714
        Warning - 1 : Skipping Token defaultPinDes On Line 1722
        Warning - 1 : Skipping Token defaultPinDes On Line 1730
        Warning - 1 : Skipping Token defaultPinDes On Line 1738
        Warning - 1 : Skipping Token defaultPinDes On Line 1746
        Warning - 1 : Skipping Token defaultPinDes On Line 1754
        Warning - 1 : Skipping Token defaultPinDes On Line 1762
        Warning - 1 : Skipping Token defaultPinDes On Line 1770
        Warning - 1 : Skipping Token defaultPinDes On Line 1778
        Warning - 1 : Skipping Token defaultPinDes On Line 1786
        Warning - 1 : Skipping Token defaultPinDes On Line 1794
        Warning - 1 : Skipping Token defaultPinDes On Line 1802
        Warning - 1 : Skipping Token defaultPinDes On Line 1810
        Warning - 1 : Skipping Token defaultPinDes On Line 1818
        Warning - 1 : Skipping Token defaultPinDes On Line 1826
        Warning - 1 : Skipping Token defaultPinDes On Line 1834
        Warning - 1 : Skipping Token defaultPinDes On Line 1842
        Warning - 1 : Skipping Token defaultPinDes On Line 1850
        Warning - 1 : Skipping Token defaultPinDes On Line 1858
        Warning - 1 : Skipping Token defaultPinDes On Line 1866
        Warning - 1 : Skipping Token defaultPinDes On Line 1874
        Warning - 1 : Skipping Token defaultPinDes On Line 1882
        Warning - 1 : Skipping Token defaultPinDes On Line 1890
        Warning - 1 : Skipping Token defaultPinDes On Line 1898
        Warning - 1 : Skipping Token defaultPinDes On Line 1906
        Warning - 1 : Skipping Token defaultPinDes On Line 1914
        Warning - 1 : Skipping Token defaultPinDes On Line 1922
        Warning - 1 : Skipping Token defaultPinDes On Line 1930
        Warning - 1 : Skipping Token defaultPinDes On Line 1938
        Warning - 1 : Skipping Token defaultPinDes On Line 1946
        Warning - 1 : Skipping Token defaultPinDes On Line 1954
        Warning - 1 : Skipping Token defaultPinDes On Line 1962
        Warning - 1 : Skipping Token defaultPinDes On Line 1970
        Warning - 1 : Skipping Token defaultPinDes On Line 1978
        Warning - 1 : Skipping Token defaultPinDes On Line 1986
        Warning - 1 : Skipping Token defaultPinDes On Line 1994
        Warning - 1 : Skipping Token defaultPinDes On Line 2002
        Warning - 1 : Skipping Token defaultPinDes On Line 2010
        Warning - 1 : Skipping Token defaultPinDes On Line 2018
        Warning - 1 : Skipping Token defaultPinDes On Line 2026
        Warning - 1 : Skipping Token defaultPinDes On Line 2034
        Warning - 1 : Skipping Token defaultPinDes On Line 2042
        Warning - 1 : Skipping Token defaultPinDes On Line 2050
        Warning - 1 : Skipping Token defaultPinDes On Line 2058
        Warning - 1 : Skipping Token defaultPinDes On Line 2066
        Warning - 1 : Skipping Token defaultPinDes On Line 2074
        Warning - 1 : Skipping Token defaultPinDes On Line 2082
        Warning - 1 : Skipping Token defaultPinDes On Line 2090
        Warning - 1 : Skipping Token defaultPinDes On Line 2098
        Warning - 1 : Skipping Token defaultPinDes On Line 2106
        Warning - 1 : Skipping Token defaultPinDes On Line 2114
        Warning - 1 : Skipping Token defaultPinDes On Line 2122
        Warning - 1 : Skipping Token defaultPinDes On Line 2130
        Warning - 1 : Skipping Token defaultPinDes On Line 2138
        Warning - 1 : Skipping Token defaultPinDes On Line 2146
        Warning - 1 : Skipping Token defaultPinDes On Line 2154
        Warning - 1 : Skipping Token defaultPinDes On Line 2162
        Warning - 1 : Skipping Token defaultPinDes On Line 2170
        Warning - 1 : Skipping Token defaultPinDes On Line 2178
        Warning - 1 : Skipping Token defaultPinDes On Line 2186
        Warning - 1 : Skipping Token defaultPinDes On Line 2194
        Warning - 1 : Skipping Token defaultPinDes On Line 2202
        Warning - 1 : Skipping Token defaultPinDes On Line 2257
        Warning - 1 : Skipping Token defaultPinDes On Line 2265
        Warning - 1 : Skipping Token defaultPinDes On Line 2273
        Warning - 1 : Skipping Token defaultPinDes On Line 2281
        Warning - 1 : Skipping Token defaultPinDes On Line 2289
        Warning - 1 : Skipping Token defaultPinDes On Line 2297
        Warning - 1 : Skipping Token defaultPinDes On Line 2305
        Warning - 1 : Skipping Token defaultPinDes On Line 2313
        Warning - 1 : Skipping Token defaultPinDes On Line 2321
        Warning - 1 : Skipping Token defaultPinDes On Line 2374
        Warning - 1 : Skipping Token defaultPinDes On Line 2382
        Warning - 1 : Skipping Token gridDfns On Line 3721
        Warning - 1 : Skipping Token refPointSize On Line 3745
        Warning - 1 : Skipping Token infoPointSize On Line 3746
        Warning - 1 : Skipping Token junctionSize On Line 3747
        Warning - 1 : Skipping Token refPointSizePrint On Line 3748
        Warning - 1 : Skipping Token infoPointSizePrint On Line 3749
        Warning - 1 : Skipping Token junctionSizePrint On Line 3750
        Warning - 1 : Skipping Token PrintRegion On Line 4220
        Warning - 1 : Skipping Token schematicPrintSettings On Line 4224
        Warning - 1 : Skipping Token ecoState On Line 4239
        Warning - 1 : Skipping Token currentTextStyle On Line 4240
        Warning - 1 : Skipping Token reportSettings On Line 4243
    EndSection

    Section : Generating SCH Library - ay-arm-top.SchLib
    EndSection

    Section : Generating SCH Sheet - Sheet1.SCHDOC
        Warning : Output port [GND] width was re-calculated to [259.062mil]
        Warning : Output port [VDD3] width was re-calculated to [290.938mil]
        Warning : Output port [S\R\A\M\_\B\S\1\] width was re-calculated to [481.719mil]
        Warning : Output port [S\R\A\M\_\B\S\0\] width was re-calculated to [481.719mil]
        Warning : Output port [S\R\A\M\_\W\E\] width was re-calculated to [461.719mil]
        Warning : Output port [S\R\A\M\_\O\E\] width was re-calculated to [449.844mil]
        Warning : Output port [S\R\A\M\_\C\S\0\] width was re-calculated to [485.781mil]
        Warning : Output port [VDD3] width was re-calculated to [290.938mil]
        Warning : Output port [SRAM_D14] width was re-calculated to [477.969mil]
        Warning : Output port [SRAM_D15] width was re-calculated to [477.969mil]
        Warning : Output port [SRAM_D11] width was re-calculated to [477.969mil]
        Warning : Output port [SRAM_D12] width was re-calculated to [477.969mil]
        Warning : Output port [SRAM_D8] width was re-calculated to [438.125mil]
        Warning : Output port [SRAM_D9] width was re-calculated to [438.125mil]
        Warning : Output port [SRAM_D6] width was re-calculated to [438.125mil]
        Warning : Output port [SRAM_D5] width was re-calculated to [438.125mil]
        Warning : Output port [SRAM_D2] width was re-calculated to [438.125mil]
        Warning : Output port [SRAM_D3] width was re-calculated to [438.125mil]
        Warning : Output port [SRAM_D0] width was re-calculated to [438.125mil]
        Warning : Output port [AY_VDD5] width was re-calculated to [426.094mil]
        Warning : Output port [AY_CLK] width was re-calculated to [374.375mil]
        Warning : Output port [GND] width was re-calculated to [259.062mil]
        Warning : Output port [A\Y\_\S\E\L\] width was re-calculated to [370.312mil]
        Warning : Output port [A\Y\_\A\9\] width was re-calculated to [322.656mil]
        Warning : Output port [AY_BDIR] width was re-calculated to [406.094mil]
        Warning : Output port [AY_BC2] width was re-calculated to [374.375mil]
        Warning : Output port [Z80_D7] width was re-calculated to [354.844mil]
        Warning : Output port [Z80_D6] width was re-calculated to [354.844mil]
        Warning : Output port [Z80_D4] width was re-calculated to [354.844mil]
        Warning : Output port [Z80_D3] width was re-calculated to [354.844mil]
        Warning : Output port [Z80_D5] width was re-calculated to [354.844mil]
        Warning : Output port [Z80_D1] width was re-calculated to [354.844mil]
        Warning : Output port [Z80_D0] width was re-calculated to [354.844mil]
        Warning : Output port [Z80_D2] width was re-calculated to [354.844mil]
        Warning : Output port [GND] width was re-calculated to [259.062mil]
        Warning : Output port [VDD3] width was re-calculated to [290.938mil]
        Warning : Output port [GND] width was re-calculated to [259.062mil]
        Warning : Output port [SRAM_A18] width was re-calculated to [473.906mil]
        Warning : Output port [SRAM_A17] width was re-calculated to [473.906mil]
        Warning : Output port [SRAM_A15] width was re-calculated to [473.906mil]
        Warning : Output port [SRAM_A14] width was re-calculated to [473.906mil]
        Warning : Output port [SRAM_A12] width was re-calculated to [473.906mil]
        Warning : Output port [SRAM_A11] width was re-calculated to [473.906mil]
        Warning : Output port [SRAM_A9] width was re-calculated to [434.062mil]
        Warning : Output port [SRAM_A8] width was re-calculated to [434.062mil]
        Warning : Output port [SRAM_A6] width was re-calculated to [434.062mil]
        Warning : Output port [SRAM_A5] width was re-calculated to [434.062mil]
        Warning : Output port [SRAM_A3] width was re-calculated to [434.062mil]
        Warning : Output port [SRAM_A2] width was re-calculated to [434.062mil]
        Warning : Output port [SRAM_A0] width was re-calculated to [434.062mil]
        Warning : Output port [AU_R] width was re-calculated to [290.938mil]
        Warning : Output port [AY_IOB7] width was re-calculated to [398.125mil]
        Warning : Output port [AU_L] width was re-calculated to [279.062mil]
        Warning : Output port [AY_IOB5] width was re-calculated to [398.125mil]
        Warning : Output port [AY_IOB4] width was re-calculated to [398.125mil]
        Warning : Output port [AY_IOB2] width was re-calculated to [398.125mil]
        Warning : Output port [AY_IOB1] width was re-calculated to [398.125mil]
        Warning : Output port [AY_IOA7] width was re-calculated to [398.125mil]
        Warning : Output port [AY_IOA6] width was re-calculated to [398.125mil]
        Warning : Output port [AY_IOA4] width was re-calculated to [398.125mil]
        Warning : Output port [AY_IOA3] width was re-calculated to [398.125mil]
        Warning : Output port [AY_IOA5] width was re-calculated to [398.125mil]
        Warning : Output port [AY_IOA1] width was re-calculated to [398.125mil]
        Warning : Output port [AY_IOA0] width was re-calculated to [398.125mil]
        Warning : Output port [AY_IOA2] width was re-calculated to [398.125mil]
        Warning : Output port [S\R\A\M\_\C\S\1\] width was re-calculated to [485.781mil]
        Warning : Output port [AY_IOB5] width was re-calculated to [398.125mil]
        Warning : Output port [AY_IOB6] width was re-calculated to [398.125mil]
        Warning : Output port [AY_IOB2] width was re-calculated to [398.125mil]
        Warning : Output port [AY_IOB3] width was re-calculated to [398.125mil]
        Warning : Output port [AY_IOA7] width was re-calculated to [398.125mil]
        Warning : Output port [AY_IOB0] width was re-calculated to [398.125mil]
        Warning : Output port [AY_IOA4] width was re-calculated to [398.125mil]
        Warning : Output port [AY_IOA5] width was re-calculated to [398.125mil]
        Warning : Output port [AY_IOA1] width was re-calculated to [398.125mil]
        Warning : Output port [AY_IOA2] width was re-calculated to [398.125mil]
        Warning : Output port [VDD3] width was re-calculated to [290.938mil]
        Warning : Output port [A\Y\_\R\S\T\] width was re-calculated to [378.281mil]
        Warning : Output port [SRAM_A8] width was re-calculated to [434.062mil]
        Warning : Output port [SRAM_A9] width was re-calculated to [434.062mil]
        Warning : Output port [SRAM_A6] width was re-calculated to [434.062mil]
        Warning : Output port [SRAM_A5] width was re-calculated to [434.062mil]
        Warning : Output port [SRAM_A2] width was re-calculated to [434.062mil]
        Warning : Output port [SRAM_A3] width was re-calculated to [434.062mil]
        Warning : Output port [SRAM_A0] width was re-calculated to [434.062mil]
        Warning : Output port [SRAM_A18] width was re-calculated to [473.906mil]
        Warning : Output port [SRAM_D0] width was re-calculated to [438.125mil]
        Warning : Output port [SRAM_D15] width was re-calculated to [477.969mil]
        Warning : Output port [SRAM_A16] width was re-calculated to [473.906mil]
        Warning : Output port [S\R\A\M\_\C\S\0\] width was re-calculated to [485.781mil]
        Warning : Output port [SRAM_D13] width was re-calculated to [477.969mil]
        Warning : Output port [S\R\A\M\_\O\E\] width was re-calculated to [449.844mil]
        Warning : Output port [S\R\A\M\_\W\E\] width was re-calculated to [461.719mil]
        Warning : Output port [SRAM_D3] width was re-calculated to [438.125mil]
        Warning : Output port [Z80_D7] width was re-calculated to [354.844mil]
        Warning : Output port [Z80_D4] width was re-calculated to [354.844mil]
        Warning : Output port [Z80_D5] width was re-calculated to [354.844mil]
        Warning : Output port [Z80_D1] width was re-calculated to [354.844mil]
        Warning : Output port [Z80_D2] width was re-calculated to [354.844mil]
        Warning : Output port [J\T\A\G\_\R\S\T\] width was re-calculated to [465.781mil]
        Warning : Output port [JTAG_TDO] width was re-calculated to [473.75mil]
        Warning : Output port [VDD3] width was re-calculated to [290.938mil]
        Warning : Output port [GND] width was re-calculated to [259.062mil]
        Warning : Output port [USB_VDD5] width was re-calculated to [477.812mil]
        Warning : Output port [AY_VDD5] width was re-calculated to [426.094mil]
        Warning : Output port [JTAG_TDI] width was re-calculated to [437.969mil]
        Warning : Output port [USB_DM] width was re-calculated to [398.281mil]
        Warning : Output port [USB_DP] width was re-calculated to [386.25mil]
        Warning : Output port [GND] width was re-calculated to [259.062mil]
        Warning : Output port [SRAM_D10] width was re-calculated to [477.969mil]
        Warning : Output port [SRAM_D13] width was re-calculated to [477.969mil]
        Warning : Output port [SRAM_D1] width was re-calculated to [438.125mil]
        Warning : Output port [SRAM_D7] width was re-calculated to [438.125mil]
        Warning : Output port [SRAM_D4] width was re-calculated to [438.125mil]
        Warning : Output port [A\Y\_\R\S\T\] width was re-calculated to [378.281mil]
        Warning : Output port [AY_A8] width was re-calculated to [322.656mil]
        Warning : Output port [AY_BC1] width was re-calculated to [374.375mil]
        Warning : Output port [SRAM_A19] width was re-calculated to [473.906mil]
        Warning : Output port [SRAM_A16] width was re-calculated to [473.906mil]
        Warning : Output port [SRAM_A13] width was re-calculated to [473.906mil]
        Warning : Output port [SRAM_A10] width was re-calculated to [473.906mil]
        Warning : Output port [SRAM_A7] width was re-calculated to [434.062mil]
        Warning : Output port [SRAM_A4] width was re-calculated to [434.062mil]
        Warning : Output port [SRAM_A1] width was re-calculated to [434.062mil]
        Warning : Output port [AY_IOB6] width was re-calculated to [398.125mil]
        Warning : Output port [AY_IOB3] width was re-calculated to [398.125mil]
        Warning : Output port [AY_IOB0] width was re-calculated to [398.125mil]
        Warning : Output port [AY_IOB7] width was re-calculated to [398.125mil]
        Warning : Output port [AY_IOB4] width was re-calculated to [398.125mil]
        Warning : Output port [AY_IOB1] width was re-calculated to [398.125mil]
        Warning : Output port [AY_IOA6] width was re-calculated to [398.125mil]
        Warning : Output port [AY_IOA3] width was re-calculated to [398.125mil]
        Warning : Output port [AY_IOA0] width was re-calculated to [398.125mil]
        Warning : Output port [GND] width was re-calculated to [259.062mil]
        Warning : Output port [VDD3] width was re-calculated to [290.938mil]
        Warning : Output port [SRAM_A7] width was re-calculated to [434.062mil]
        Warning : Output port [SRAM_A4] width was re-calculated to [434.062mil]
        Warning : Output port [SRAM_A1] width was re-calculated to [434.062mil]
        Warning : Output port [SRAM_D1] width was re-calculated to [438.125mil]
        Warning : Output port [SRAM_A17] width was re-calculated to [473.906mil]
        Warning : Output port [SRAM_D14] width was re-calculated to [477.969mil]
        Warning : Output port [Z80_D6] width was re-calculated to [354.844mil]
        Warning : Output port [Z80_D3] width was re-calculated to [354.844mil]
        Warning : Output port [SRAM_D2] width was re-calculated to [438.125mil]
        Warning : Output port [Z80_D0] width was re-calculated to [354.844mil]
        Warning : Output port [GND] width was re-calculated to [259.062mil]
        Warning : Output port [GND] width was re-calculated to [259.062mil]
        Warning : Output port [GND] width was re-calculated to [259.062mil]
        Warning : Output port [USB_VDD5] width was re-calculated to [477.812mil]
        Warning : Output port [VDD3] width was re-calculated to [290.938mil]
        Warning : Output port [SRAM_A13] width was re-calculated to [473.906mil]
        Warning : Output port [SRAM_A14] width was re-calculated to [473.906mil]
        Warning : Output port [SRAM_A10] width was re-calculated to [473.906mil]
        Warning : Output port [SRAM_A11] width was re-calculated to [473.906mil]
        Warning : Output port [SRAM_D11] width was re-calculated to [477.969mil]
        Warning : Output port [SRAM_D12] width was re-calculated to [477.969mil]
        Warning : Output port [SRAM_D8] width was re-calculated to [438.125mil]
        Warning : Output port [SRAM_D9] width was re-calculated to [438.125mil]
        Warning : Output port [SRAM_D5] width was re-calculated to [438.125mil]
        Warning : Output port [SRAM_D6] width was re-calculated to [438.125mil]
        Warning : Output port [SRAM_A19] width was re-calculated to [473.906mil]
        Warning : Output port [S\R\A\M\_\B\S\0\] width was re-calculated to [481.719mil]
        Warning : Output port [JTAG_TDI] width was re-calculated to [437.969mil]
        Warning : Output port [USB_DP] width was re-calculated to [386.25mil]
        Warning : Output port [JTAG_TMS] width was re-calculated to [473.75mil]
        Warning : Output port [USART_TX] width was re-calculated to [473.75mil]
        Warning : Output port [USART_RX] width was re-calculated to [481.719mil]
        Warning : Output port [A\Y\_\S\E\L\] width was re-calculated to [370.312mil]
        Warning : Output port [A\Y\_\A\9\] width was re-calculated to [322.656mil]
        Warning : Output port [AY_BC2] width was re-calculated to [374.375mil]
        Warning : Output port [AU_L] width was re-calculated to [279.062mil]
        Warning : Output port [AY_CLK] width was re-calculated to [374.375mil]
        Warning : Output port [AY_BC1] width was re-calculated to [374.375mil]
        Warning : Output port [J\T\A\G\_\R\S\T\] width was re-calculated to [465.781mil]
        Warning : Output port [JTAG_TDO] width was re-calculated to [473.75mil]
        Warning : Output port [GND] width was re-calculated to [259.062mil]
        Warning : Output port [JTAG_TCK] width was re-calculated to [465.781mil]
        Warning : Output port [USART_RX] width was re-calculated to [481.719mil]
        Warning : Output port [GND] width was re-calculated to [259.062mil]
        Warning : Output port [VDD3] width was re-calculated to [290.938mil]
        Warning : Output port [SRAM_A15] width was re-calculated to [473.906mil]
        Warning : Output port [SRAM_A12] width was re-calculated to [473.906mil]
        Warning : Output port [SRAM_D10] width was re-calculated to [477.969mil]
        Warning : Output port [SRAM_D7] width was re-calculated to [438.125mil]
        Warning : Output port [SRAM_D4] width was re-calculated to [438.125mil]
        Warning : Output port [S\R\A\M\_\B\S\1\] width was re-calculated to [481.719mil]
        Warning : Output port [JTAG_TCK] width was re-calculated to [465.781mil]
        Warning : Output port [USB_DM] width was re-calculated to [398.281mil]
        Warning : Output port [AY_A8] width was re-calculated to [322.656mil]
        Warning : Output port [AU_R] width was re-calculated to [290.938mil]
        Warning : Output port [AY_BDIR] width was re-calculated to [406.094mil]
        Warning : Output port [JTAG_TMS] width was re-calculated to [473.75mil]
        Warning : Output port [USART_TX] width was re-calculated to [473.75mil]
        Warning : Output port [VDD5] width was re-calculated to [290.938mil]
    EndSection

    Section : Analyzing SCH Sheet - Sheet1.SCHDOC
    EndSection
EndSection
