PCAD Importer Log
Project : ayx-32.PRJPCB

Section : D:\KEIL.PRJ\STM_AYX32_TSL\DOC\SCHEMATIC\ALTIUM\TRANS\Lite\ayx-32.sch
    Section : Parsing Messages
        Warning - 1 : Skipping Token defaultPinDes On Line 144
        Warning - 1 : Skipping Token defaultPinDes On Line 151
        Warning - 1 : Skipping Token defaultPinDes On Line 158
        Warning - 1 : Skipping Token defaultPinDes On Line 181
        Warning - 1 : Skipping Token defaultPinDes On Line 189
        Warning - 1 : Skipping Token defaultPinDes On Line 465
        Warning - 1 : Skipping Token defaultPinDes On Line 473
        Warning - 1 : Skipping Token defaultPinDes On Line 481
        Warning - 1 : Skipping Token defaultPinDes On Line 489
        Warning - 1 : Skipping Token defaultPinDes On Line 497
        Warning - 1 : Skipping Token defaultPinDes On Line 505
        Warning - 1 : Skipping Token defaultPinDes On Line 513
        Warning - 1 : Skipping Token defaultPinDes On Line 521
        Warning - 1 : Skipping Token defaultPinDes On Line 529
        Warning - 1 : Skipping Token defaultPinDes On Line 537
        Warning - 1 : Skipping Token defaultPinDes On Line 545
        Warning - 1 : Skipping Token defaultPinDes On Line 553
        Warning - 1 : Skipping Token defaultPinDes On Line 561
        Warning - 1 : Skipping Token defaultPinDes On Line 569
        Warning - 1 : Skipping Token defaultPinDes On Line 577
        Warning - 1 : Skipping Token defaultPinDes On Line 585
        Warning - 1 : Skipping Token defaultPinDes On Line 593
        Warning - 1 : Skipping Token defaultPinDes On Line 601
        Warning - 1 : Skipping Token defaultPinDes On Line 609
        Warning - 1 : Skipping Token defaultPinDes On Line 617
        Warning - 1 : Skipping Token defaultPinDes On Line 625
        Warning - 1 : Skipping Token defaultPinDes On Line 633
        Warning - 1 : Skipping Token defaultPinDes On Line 641
        Warning - 1 : Skipping Token defaultPinDes On Line 649
        Warning - 1 : Skipping Token defaultPinDes On Line 657
        Warning - 1 : Skipping Token defaultPinDes On Line 665
        Warning - 1 : Skipping Token defaultPinDes On Line 673
        Warning - 1 : Skipping Token defaultPinDes On Line 681
        Warning - 1 : Skipping Token defaultPinDes On Line 689
        Warning - 1 : Skipping Token defaultPinDes On Line 697
        Warning - 1 : Skipping Token defaultPinDes On Line 705
        Warning - 1 : Skipping Token defaultPinDes On Line 713
        Warning - 1 : Skipping Token defaultPinDes On Line 721
        Warning - 1 : Skipping Token defaultPinDes On Line 729
        Warning - 1 : Skipping Token defaultPinDes On Line 737
        Warning - 1 : Skipping Token defaultPinDes On Line 745
        Warning - 1 : Skipping Token defaultPinDes On Line 753
        Warning - 1 : Skipping Token defaultPinDes On Line 761
        Warning - 1 : Skipping Token defaultPinDes On Line 769
        Warning - 1 : Skipping Token defaultPinDes On Line 777
        Warning - 1 : Skipping Token defaultPinDes On Line 785
        Warning - 1 : Skipping Token defaultPinDes On Line 793
        Warning - 1 : Skipping Token defaultPinDes On Line 801
        Warning - 1 : Skipping Token defaultPinDes On Line 809
        Warning - 1 : Skipping Token defaultPinDes On Line 817
        Warning - 1 : Skipping Token defaultPinDes On Line 825
        Warning - 1 : Skipping Token defaultPinDes On Line 833
        Warning - 1 : Skipping Token defaultPinDes On Line 841
        Warning - 1 : Skipping Token defaultPinDes On Line 849
        Warning - 1 : Skipping Token defaultPinDes On Line 857
        Warning - 1 : Skipping Token defaultPinDes On Line 865
        Warning - 1 : Skipping Token defaultPinDes On Line 873
        Warning - 1 : Skipping Token defaultPinDes On Line 881
        Warning - 1 : Skipping Token defaultPinDes On Line 889
        Warning - 1 : Skipping Token defaultPinDes On Line 897
        Warning - 1 : Skipping Token defaultPinDes On Line 905
        Warning - 1 : Skipping Token defaultPinDes On Line 913
        Warning - 1 : Skipping Token defaultPinDes On Line 921
        Warning - 1 : Skipping Token defaultPinDes On Line 929
        Warning - 1 : Skipping Token defaultPinDes On Line 937
        Warning - 1 : Skipping Token defaultPinDes On Line 945
        Warning - 1 : Skipping Token defaultPinDes On Line 953
        Warning - 1 : Skipping Token defaultPinDes On Line 961
        Warning - 1 : Skipping Token defaultPinDes On Line 969
        Warning - 1 : Skipping Token defaultPinDes On Line 1361
        Warning - 1 : Skipping Token defaultPinDes On Line 1369
        Warning - 1 : Skipping Token gridDfns On Line 2367
        Warning - 1 : Skipping Token refPointSize On Line 2393
        Warning - 1 : Skipping Token infoPointSize On Line 2394
        Warning - 1 : Skipping Token junctionSize On Line 2395
        Warning - 1 : Skipping Token refPointSizePrint On Line 2396
        Warning - 1 : Skipping Token infoPointSizePrint On Line 2397
        Warning - 1 : Skipping Token junctionSizePrint On Line 2398
        Warning - 1 : Skipping Token PrintRegion On Line 2701
        Warning - 1 : Skipping Token schematicPrintSettings On Line 2705
        Warning - 1 : Skipping Token ecoState On Line 2720
        Warning - 1 : Skipping Token currentTextStyle On Line 2721
        Warning - 1 : Skipping Token reportSettings On Line 2724
    EndSection

    Section : Generating SCH Library - ayx-32.SchLib
    EndSection

    Section : Generating SCH Sheet - Sheet1.SCHDOC
        Warning : Output port [AY_A8] width was re-calculated to [322.656mil]
        Warning : Output port [AY_BDIR] width was re-calculated to [406.094mil]
        Warning : Output port [A\Y\_\R\S\T\] width was re-calculated to [378.281mil]
        Warning : Output port [AY_BC1] width was re-calculated to [374.375mil]
        Warning : Unspecified port [Z80_D5] width was re-calculated to [354.844mil]
        Warning : Unspecified port [Z80_D6] width was re-calculated to [354.844mil]
        Warning : Unspecified port [Z80_D2] width was re-calculated to [354.844mil]
        Warning : Unspecified port [Z80_D3] width was re-calculated to [354.844mil]
        Warning : Unspecified port [Z80_D0] width was re-calculated to [354.844mil]
        Warning : Unspecified port [VDD5] width was re-calculated to [290.938mil]
        Warning : Unspecified port [IOA7] width was re-calculated to [262.969mil]
        Warning : Unspecified port [IOA4] width was re-calculated to [262.969mil]
        Warning : Unspecified port [IOA5] width was re-calculated to [262.969mil]
        Warning : Unspecified port [IOA1] width was re-calculated to [262.969mil]
        Warning : Unspecified port [IOA2] width was re-calculated to [262.969mil]
        Warning : Input port [AU_C] width was re-calculated to [290.938mil]
        Warning : Input port [AU_A] width was re-calculated to [286.875mil]
        Warning : Input port [AU_B] width was re-calculated to [286.875mil]
        Warning : Input port [AU_C] width was re-calculated to [290.938mil]
        Warning : Input port [AU_A] width was re-calculated to [286.875mil]
        Warning : Input port [AU_A] width was re-calculated to [286.875mil]
        Warning : Input port [AU_B] width was re-calculated to [286.875mil]
        Warning : Output port [AY_A8] width was re-calculated to [322.656mil]
        Warning : Output port [A\Y\_\A\9\] width was re-calculated to [322.656mil]
        Warning : Output port [AY_BDIR] width was re-calculated to [406.094mil]
        Warning : Output port [A\Y\_\R\S\T\] width was re-calculated to [378.281mil]
        Warning : Output port [AY_BC1] width was re-calculated to [374.375mil]
        Warning : Unspecified port [Z80_D5] width was re-calculated to [354.844mil]
        Warning : Unspecified port [Z80_D6] width was re-calculated to [354.844mil]
        Warning : Unspecified port [Z80_D2] width was re-calculated to [354.844mil]
        Warning : Unspecified port [Z80_D3] width was re-calculated to [354.844mil]
        Warning : Unspecified port [Z80_D0] width was re-calculated to [354.844mil]
        Warning : Input port [SWO] width was re-calculated to [270.781mil]
        Warning : Unspecified port [SWDIO] width was re-calculated to [342.344mil]
        Warning : Output port [R\E\S\] width was re-calculated to [247.031mil]
        Warning : Unspecified port [GND] width was re-calculated to [259.062mil]
        Warning : Output port [SWCLK] width was re-calculated to [354.375mil]
        Warning : Output port [USART_RX] width was re-calculated to [481.719mil]
        Warning : Input port [USART_TX] width was re-calculated to [473.75mil]
        Warning : Input port [AY_CLK] width was re-calculated to [374.375mil]
        Warning : Input port [R\E\S\] width was re-calculated to [247.031mil]
        Warning : Unspecified port [Z80_D7] width was re-calculated to [354.844mil]
        Warning : Unspecified port [Z80_D4] width was re-calculated to [354.844mil]
        Warning : Unspecified port [Z80_D5] width was re-calculated to [354.844mil]
        Warning : Unspecified port [Z80_D1] width was re-calculated to [354.844mil]
        Warning : Unspecified port [Z80_D2] width was re-calculated to [354.844mil]
        Warning : Input port [A\Y\_\A\9\] width was re-calculated to [322.656mil]
        Warning : Input port [AY_A8] width was re-calculated to [322.656mil]
        Warning : Output port [SWO] width was re-calculated to [270.781mil]
        Warning : Input port [AY_BC2] width was re-calculated to [374.375mil]
        Warning : Unspecified port [GND] width was re-calculated to [259.062mil]
        Warning : Unspecified port [VDD33] width was re-calculated to [330.781mil]
        Warning : Input port [AY_BDIR] width was re-calculated to [406.094mil]
        Warning : Input port [AY_BC1] width was re-calculated to [374.375mil]
        Warning : Unspecified port [VDDA33] width was re-calculated to [378.438mil]
        Warning : Unspecified port [VDD33] width was re-calculated to [330.781mil]
        Warning : Unspecified port [GND] width was re-calculated to [259.062mil]
        Warning : Unspecified port [VDD5] width was re-calculated to [290.938mil]
        Warning : Unspecified port [VDD5] width was re-calculated to [290.938mil]
        Warning : Unspecified port [VDD5] width was re-calculated to [290.938mil]
        Warning : Unspecified port [VDD5] width was re-calculated to [290.938mil]
        Warning : Unspecified port [GND] width was re-calculated to [259.062mil]
        Warning : Unspecified port [GND] width was re-calculated to [259.062mil]
        Warning : Unspecified port [GND] width was re-calculated to [259.062mil]
        Warning : Unspecified port [VDDA33] width was re-calculated to [378.438mil]
        Warning : Unspecified port [VDD33] width was re-calculated to [330.781mil]
        Warning : Unspecified port [GND] width was re-calculated to [259.062mil]
        Warning : Unspecified port [GND] width was re-calculated to [259.062mil]
        Warning : Unspecified port [Z80_D7] width was re-calculated to [354.844mil]
        Warning : Output port [AY_BC2] width was re-calculated to [374.375mil]
        Warning : Output port [AY_CLK] width was re-calculated to [374.375mil]
        Warning : Unspecified port [Z80_D1] width was re-calculated to [354.844mil]
        Warning : Unspecified port [Z80_D4] width was re-calculated to [354.844mil]
        Warning : Unspecified port [IOA3] width was re-calculated to [262.969mil]
        Warning : Unspecified port [IOA6] width was re-calculated to [262.969mil]
        Warning : Unspecified port [GND] width was re-calculated to [259.062mil]
        Warning : Input port [AU_B] width was re-calculated to [286.875mil]
        Warning : Unspecified port [IOA0] width was re-calculated to [262.969mil]
        Warning : Input port [AU_C] width was re-calculated to [290.938mil]
        Warning : Output port [A\Y\_\S\E\L\] width was re-calculated to [370.312mil]
        Warning : Output port [AY_CLK] width was re-calculated to [374.375mil]
        Warning : Output port [AY_BC2] width was re-calculated to [374.375mil]
        Warning : Unspecified port [Z80_D7] width was re-calculated to [354.844mil]
        Warning : Unspecified port [Z80_D4] width was re-calculated to [354.844mil]
        Warning : Unspecified port [Z80_D1] width was re-calculated to [354.844mil]
        Warning : Unspecified port [GND] width was re-calculated to [259.062mil]
        Warning : Input port [A\Y\_\R\S\T\] width was re-calculated to [378.281mil]
        Warning : Unspecified port [GND] width was re-calculated to [259.062mil]
        Warning : Unspecified port [Z80_D6] width was re-calculated to [354.844mil]
        Warning : Unspecified port [Z80_D3] width was re-calculated to [354.844mil]
        Warning : Unspecified port [Z80_D0] width was re-calculated to [354.844mil]
        Warning : Unspecified port [GND] width was re-calculated to [259.062mil]
        Warning : Input port [A\Y\_\S\E\L\] width was re-calculated to [370.312mil]
        Warning : Unspecified port [GND] width was re-calculated to [259.062mil]
        Warning : Unspecified port [GND] width was re-calculated to [259.062mil]
        Warning : Output port [AU_C] width was re-calculated to [290.938mil]
        Warning : Output port [AU_A] width was re-calculated to [286.875mil]
        Warning : Unspecified port [VDD33] width was re-calculated to [330.781mil]
        Warning : Unspecified port [IOB7] width was re-calculated to [262.969mil]
        Warning : Unspecified port [IOB4] width was re-calculated to [262.969mil]
        Warning : Unspecified port [IOB5] width was re-calculated to [262.969mil]
        Warning : Unspecified port [VDD33] width was re-calculated to [330.781mil]
        Warning : Unspecified port [IOB1] width was re-calculated to [262.969mil]
        Warning : Unspecified port [IOB2] width was re-calculated to [262.969mil]
        Warning : Unspecified port [VDD5] width was re-calculated to [290.938mil]
        Warning : Unspecified port [IOB5] width was re-calculated to [262.969mil]
        Warning : Unspecified port [IOB6] width was re-calculated to [262.969mil]
        Warning : Unspecified port [IOA7] width was re-calculated to [262.969mil]
        Warning : Unspecified port [IOB2] width was re-calculated to [262.969mil]
        Warning : Unspecified port [IOB3] width was re-calculated to [262.969mil]
        Warning : Unspecified port [IOA7] width was re-calculated to [262.969mil]
        Warning : Unspecified port [IOA4] width was re-calculated to [262.969mil]
        Warning : Unspecified port [IOA5] width was re-calculated to [262.969mil]
        Warning : Unspecified port [IOB0] width was re-calculated to [262.969mil]
        Warning : Unspecified port [IOA4] width was re-calculated to [262.969mil]
        Warning : Unspecified port [IOA5] width was re-calculated to [262.969mil]
        Warning : Unspecified port [IOA1] width was re-calculated to [262.969mil]
        Warning : Unspecified port [IOA2] width was re-calculated to [262.969mil]
        Warning : Unspecified port [IOA1] width was re-calculated to [262.969mil]
        Warning : Unspecified port [IOA2] width was re-calculated to [262.969mil]
        Warning : Input port [AU_C] width was re-calculated to [290.938mil]
        Warning : Input port [AU_A] width was re-calculated to [286.875mil]
        Warning : Unspecified port [SWDIO] width was re-calculated to [342.344mil]
        Warning : Output port [USART_TX] width was re-calculated to [473.75mil]
        Warning : Input port [USART_RX] width was re-calculated to [481.719mil]
        Warning : Output port [AU_A] width was re-calculated to [286.875mil]
        Warning : Unspecified port [GND] width was re-calculated to [259.062mil]
        Warning : Unspecified port [VDDA33] width was re-calculated to [378.438mil]
        Warning : Unspecified port [VDD33] width was re-calculated to [330.781mil]
        Warning : Unspecified port [VDDA33] width was re-calculated to [378.438mil]
        Warning : Unspecified port [IOB3] width was re-calculated to [262.969mil]
        Warning : Unspecified port [IOB6] width was re-calculated to [262.969mil]
        Warning : Unspecified port [IOA6] width was re-calculated to [262.969mil]
        Warning : Unspecified port [GND] width was re-calculated to [259.062mil]
        Warning : Unspecified port [IOA6] width was re-calculated to [262.969mil]
        Warning : Unspecified port [IOA3] width was re-calculated to [262.969mil]
        Warning : Unspecified port [IOB1] width was re-calculated to [262.969mil]
        Warning : Unspecified port [IOB4] width was re-calculated to [262.969mil]
        Warning : Unspecified port [IOB7] width was re-calculated to [262.969mil]
        Warning : Unspecified port [IOB0] width was re-calculated to [262.969mil]
        Warning : Input port [SWCLK] width was re-calculated to [354.375mil]
        Warning : Unspecified port [IOA0] width was re-calculated to [262.969mil]
        Warning : Unspecified port [IOA3] width was re-calculated to [262.969mil]
        Warning : Unspecified port [IOA0] width was re-calculated to [262.969mil]
        Warning : Input port [AU_B] width was re-calculated to [286.875mil]
        Warning : Output port [AU_C] width was re-calculated to [290.938mil]
        Warning : Unspecified port [VDD5] width was re-calculated to [290.938mil]
    EndSection

    Section : Analyzing SCH Sheet - Sheet1.SCHDOC
    EndSection
EndSection
