PCAD Importer Log
Project : ayx-32-40.PRJPCB

Section : D:\KEIL.PRJ\STM_AYX32_TSL\DOC\SCHEMATIC\ALTIUM\TRANS\Lite\ayx-32-40.sch
    Section : Parsing Messages
        Warning - 1 : Skipping Token defaultPinDes On Line 144
        Warning - 1 : Skipping Token defaultPinDes On Line 151
        Warning - 1 : Skipping Token defaultPinDes On Line 158
        Warning - 1 : Skipping Token defaultPinDes On Line 181
        Warning - 1 : Skipping Token defaultPinDes On Line 189
        Warning - 1 : Skipping Token defaultPinDes On Line 263
        Warning - 1 : Skipping Token defaultPinDes On Line 271
        Warning - 1 : Skipping Token defaultPinDes On Line 279
        Warning - 1 : Skipping Token defaultPinDes On Line 287
        Warning - 1 : Skipping Token defaultPinDes On Line 295
        Warning - 1 : Skipping Token defaultPinDes On Line 303
        Warning - 1 : Skipping Token defaultPinDes On Line 311
        Warning - 1 : Skipping Token defaultPinDes On Line 319
        Warning - 1 : Skipping Token defaultPinDes On Line 327
        Warning - 1 : Skipping Token defaultPinDes On Line 335
        Warning - 1 : Skipping Token defaultPinDes On Line 343
        Warning - 1 : Skipping Token defaultPinDes On Line 351
        Warning - 1 : Skipping Token defaultPinDes On Line 359
        Warning - 1 : Skipping Token defaultPinDes On Line 367
        Warning - 1 : Skipping Token defaultPinDes On Line 375
        Warning - 1 : Skipping Token defaultPinDes On Line 383
        Warning - 1 : Skipping Token defaultPinDes On Line 391
        Warning - 1 : Skipping Token defaultPinDes On Line 399
        Warning - 1 : Skipping Token defaultPinDes On Line 407
        Warning - 1 : Skipping Token defaultPinDes On Line 415
        Warning - 1 : Skipping Token defaultPinDes On Line 423
        Warning - 1 : Skipping Token defaultPinDes On Line 431
        Warning - 1 : Skipping Token defaultPinDes On Line 439
        Warning - 1 : Skipping Token defaultPinDes On Line 447
        Warning - 1 : Skipping Token defaultPinDes On Line 455
        Warning - 1 : Skipping Token defaultPinDes On Line 463
        Warning - 1 : Skipping Token defaultPinDes On Line 471
        Warning - 1 : Skipping Token defaultPinDes On Line 479
        Warning - 1 : Skipping Token defaultPinDes On Line 487
        Warning - 1 : Skipping Token defaultPinDes On Line 495
        Warning - 1 : Skipping Token defaultPinDes On Line 503
        Warning - 1 : Skipping Token defaultPinDes On Line 511
        Warning - 1 : Skipping Token defaultPinDes On Line 519
        Warning - 1 : Skipping Token defaultPinDes On Line 527
        Warning - 1 : Skipping Token defaultPinDes On Line 535
        Warning - 1 : Skipping Token defaultPinDes On Line 543
        Warning - 1 : Skipping Token defaultPinDes On Line 551
        Warning - 1 : Skipping Token defaultPinDes On Line 559
        Warning - 1 : Skipping Token defaultPinDes On Line 567
        Warning - 1 : Skipping Token defaultPinDes On Line 575
        Warning - 1 : Skipping Token defaultPinDes On Line 583
        Warning - 1 : Skipping Token defaultPinDes On Line 591
        Warning - 1 : Skipping Token defaultPinDes On Line 599
        Warning - 1 : Skipping Token defaultPinDes On Line 607
        Warning - 1 : Skipping Token defaultPinDes On Line 615
        Warning - 1 : Skipping Token defaultPinDes On Line 623
        Warning - 1 : Skipping Token defaultPinDes On Line 631
        Warning - 1 : Skipping Token defaultPinDes On Line 639
        Warning - 1 : Skipping Token defaultPinDes On Line 647
        Warning - 1 : Skipping Token defaultPinDes On Line 655
        Warning - 1 : Skipping Token defaultPinDes On Line 663
        Warning - 1 : Skipping Token defaultPinDes On Line 671
        Warning - 1 : Skipping Token defaultPinDes On Line 679
        Warning - 1 : Skipping Token defaultPinDes On Line 687
        Warning - 1 : Skipping Token defaultPinDes On Line 695
        Warning - 1 : Skipping Token defaultPinDes On Line 703
        Warning - 1 : Skipping Token defaultPinDes On Line 711
        Warning - 1 : Skipping Token defaultPinDes On Line 719
        Warning - 1 : Skipping Token defaultPinDes On Line 727
        Warning - 1 : Skipping Token defaultPinDes On Line 735
        Warning - 1 : Skipping Token defaultPinDes On Line 743
        Warning - 1 : Skipping Token defaultPinDes On Line 751
        Warning - 1 : Skipping Token defaultPinDes On Line 759
        Warning - 1 : Skipping Token defaultPinDes On Line 767
        Warning - 1 : Skipping Token defaultPinDes On Line 1159
        Warning - 1 : Skipping Token defaultPinDes On Line 1167
        Warning - 1 : Skipping Token gridDfns On Line 2061
        Warning - 1 : Skipping Token refPointSize On Line 2087
        Warning - 1 : Skipping Token infoPointSize On Line 2088
        Warning - 1 : Skipping Token junctionSize On Line 2089
        Warning - 1 : Skipping Token refPointSizePrint On Line 2090
        Warning - 1 : Skipping Token infoPointSizePrint On Line 2091
        Warning - 1 : Skipping Token junctionSizePrint On Line 2092
        Warning - 1 : Skipping Token PrintRegion On Line 2365
        Warning - 1 : Skipping Token schematicPrintSettings On Line 2369
        Warning - 1 : Skipping Token ecoState On Line 2384
        Warning - 1 : Skipping Token currentTextStyle On Line 2385
        Warning - 1 : Skipping Token reportSettings On Line 2388
    EndSection

    Section : Generating SCH Library - ayx-32-40.SchLib
    EndSection

    Section : Generating SCH Sheet - Sheet1.SCHDOC
        Warning : Input port [AU_B] width was re-calculated to [286.875mil]
        Warning : Input port [AU_C] width was re-calculated to [290.938mil]
        Warning : Input port [AU_A] width was re-calculated to [286.875mil]
        Warning : Input port [AU_A] width was re-calculated to [286.875mil]
        Warning : Input port [AU_B] width was re-calculated to [286.875mil]
        Warning : Output port [AY_A8] width was re-calculated to [322.656mil]
        Warning : Output port [A\Y\_\A\9\] width was re-calculated to [322.656mil]
        Warning : Output port [AY_BDIR] width was re-calculated to [406.094mil]
        Warning : Output port [A\Y\_\R\S\T\] width was re-calculated to [378.281mil]
        Warning : Output port [AY_BC1] width was re-calculated to [374.375mil]
        Warning : Unspecified port [Z80_D5] width was re-calculated to [354.844mil]
        Warning : Unspecified port [Z80_D6] width was re-calculated to [354.844mil]
        Warning : Unspecified port [Z80_D2] width was re-calculated to [354.844mil]
        Warning : Unspecified port [Z80_D3] width was re-calculated to [354.844mil]
        Warning : Unspecified port [Z80_D0] width was re-calculated to [354.844mil]
        Warning : Input port [SWO] width was re-calculated to [270.781mil]
        Warning : Unspecified port [SWDIO] width was re-calculated to [342.344mil]
        Warning : Output port [R\E\S\] width was re-calculated to [247.031mil]
        Warning : Unspecified port [GND] width was re-calculated to [259.062mil]
        Warning : Output port [SWCLK] width was re-calculated to [354.375mil]
        Warning : Output port [USART_RX] width was re-calculated to [481.719mil]
        Warning : Input port [USART_TX] width was re-calculated to [473.75mil]
        Warning : Input port [AY_CLK] width was re-calculated to [374.375mil]
        Warning : Input port [R\E\S\] width was re-calculated to [247.031mil]
        Warning : Unspecified port [Z80_D7] width was re-calculated to [354.844mil]
        Warning : Unspecified port [Z80_D4] width was re-calculated to [354.844mil]
        Warning : Unspecified port [Z80_D5] width was re-calculated to [354.844mil]
        Warning : Unspecified port [Z80_D1] width was re-calculated to [354.844mil]
        Warning : Unspecified port [Z80_D2] width was re-calculated to [354.844mil]
        Warning : Input port [A\Y\_\A\9\] width was re-calculated to [322.656mil]
        Warning : Input port [AY_A8] width was re-calculated to [322.656mil]
        Warning : Output port [SWO] width was re-calculated to [270.781mil]
        Warning : Input port [AY_BC2] width was re-calculated to [374.375mil]
        Warning : Unspecified port [GND] width was re-calculated to [259.062mil]
        Warning : Unspecified port [VDD33] width was re-calculated to [330.781mil]
        Warning : Input port [AY_BDIR] width was re-calculated to [406.094mil]
        Warning : Input port [AY_BC1] width was re-calculated to [374.375mil]
        Warning : Unspecified port [VDDA33] width was re-calculated to [378.438mil]
        Warning : Unspecified port [VDD33] width was re-calculated to [330.781mil]
        Warning : Unspecified port [GND] width was re-calculated to [259.062mil]
        Warning : Unspecified port [VDD5] width was re-calculated to [290.938mil]
        Warning : Unspecified port [VDD5] width was re-calculated to [290.938mil]
        Warning : Unspecified port [VDD5] width was re-calculated to [290.938mil]
        Warning : Unspecified port [VDD5] width was re-calculated to [290.938mil]
        Warning : Unspecified port [GND] width was re-calculated to [259.062mil]
        Warning : Unspecified port [GND] width was re-calculated to [259.062mil]
        Warning : Unspecified port [GND] width was re-calculated to [259.062mil]
        Warning : Unspecified port [VDDA33] width was re-calculated to [378.438mil]
        Warning : Unspecified port [VDD33] width was re-calculated to [330.781mil]
        Warning : Unspecified port [GND] width was re-calculated to [259.062mil]
        Warning : Unspecified port [GND] width was re-calculated to [259.062mil]
        Warning : Input port [AU_C] width was re-calculated to [290.938mil]
        Warning : Output port [A\Y\_\S\E\L\] width was re-calculated to [370.312mil]
        Warning : Output port [AY_CLK] width was re-calculated to [374.375mil]
        Warning : Output port [AY_BC2] width was re-calculated to [374.375mil]
        Warning : Unspecified port [Z80_D7] width was re-calculated to [354.844mil]
        Warning : Unspecified port [Z80_D4] width was re-calculated to [354.844mil]
        Warning : Unspecified port [Z80_D1] width was re-calculated to [354.844mil]
        Warning : Unspecified port [GND] width was re-calculated to [259.062mil]
        Warning : Input port [A\Y\_\R\S\T\] width was re-calculated to [378.281mil]
        Warning : Unspecified port [GND] width was re-calculated to [259.062mil]
        Warning : Unspecified port [Z80_D6] width was re-calculated to [354.844mil]
        Warning : Unspecified port [Z80_D3] width was re-calculated to [354.844mil]
        Warning : Unspecified port [Z80_D0] width was re-calculated to [354.844mil]
        Warning : Unspecified port [GND] width was re-calculated to [259.062mil]
        Warning : Input port [A\Y\_\S\E\L\] width was re-calculated to [370.312mil]
        Warning : Unspecified port [GND] width was re-calculated to [259.062mil]
        Warning : Unspecified port [GND] width was re-calculated to [259.062mil]
        Warning : Output port [AU_C] width was re-calculated to [290.938mil]
        Warning : Output port [AU_A] width was re-calculated to [286.875mil]
        Warning : Unspecified port [VDD33] width was re-calculated to [330.781mil]
        Warning : Unspecified port [IOB7] width was re-calculated to [262.969mil]
        Warning : Unspecified port [IOB5] width was re-calculated to [262.969mil]
        Warning : Unspecified port [IOB4] width was re-calculated to [262.969mil]
        Warning : Unspecified port [VDD33] width was re-calculated to [330.781mil]
        Warning : Unspecified port [IOB2] width was re-calculated to [262.969mil]
        Warning : Unspecified port [IOB1] width was re-calculated to [262.969mil]
        Warning : Unspecified port [VDD5] width was re-calculated to [290.938mil]
        Warning : Unspecified port [IOB6] width was re-calculated to [262.969mil]
        Warning : Unspecified port [IOB5] width was re-calculated to [262.969mil]
        Warning : Unspecified port [IOA7] width was re-calculated to [262.969mil]
        Warning : Unspecified port [IOB3] width was re-calculated to [262.969mil]
        Warning : Unspecified port [IOB2] width was re-calculated to [262.969mil]
        Warning : Unspecified port [IOA5] width was re-calculated to [262.969mil]
        Warning : Unspecified port [IOA4] width was re-calculated to [262.969mil]
        Warning : Unspecified port [IOB0] width was re-calculated to [262.969mil]
        Warning : Unspecified port [IOA7] width was re-calculated to [262.969mil]
        Warning : Unspecified port [IOA2] width was re-calculated to [262.969mil]
        Warning : Unspecified port [IOA1] width was re-calculated to [262.969mil]
        Warning : Unspecified port [IOA5] width was re-calculated to [262.969mil]
        Warning : Unspecified port [IOA4] width was re-calculated to [262.969mil]
        Warning : Input port [AU_C] width was re-calculated to [290.938mil]
        Warning : Unspecified port [IOA2] width was re-calculated to [262.969mil]
        Warning : Unspecified port [IOA1] width was re-calculated to [262.969mil]
        Warning : Input port [AU_A] width was re-calculated to [286.875mil]
        Warning : Unspecified port [SWDIO] width was re-calculated to [342.344mil]
        Warning : Output port [USART_TX] width was re-calculated to [473.75mil]
        Warning : Input port [USART_RX] width was re-calculated to [481.719mil]
        Warning : Output port [AU_A] width was re-calculated to [286.875mil]
        Warning : Unspecified port [GND] width was re-calculated to [259.062mil]
        Warning : Unspecified port [VDDA33] width was re-calculated to [378.438mil]
        Warning : Unspecified port [VDD33] width was re-calculated to [330.781mil]
        Warning : Unspecified port [VDDA33] width was re-calculated to [378.438mil]
        Warning : Unspecified port [IOB6] width was re-calculated to [262.969mil]
        Warning : Unspecified port [IOB3] width was re-calculated to [262.969mil]
        Warning : Unspecified port [GND] width was re-calculated to [259.062mil]
        Warning : Unspecified port [IOB0] width was re-calculated to [262.969mil]
        Warning : Unspecified port [IOA3] width was re-calculated to [262.969mil]
        Warning : Unspecified port [IOA6] width was re-calculated to [262.969mil]
        Warning : Unspecified port [IOB7] width was re-calculated to [262.969mil]
        Warning : Unspecified port [IOB4] width was re-calculated to [262.969mil]
        Warning : Unspecified port [IOB1] width was re-calculated to [262.969mil]
        Warning : Unspecified port [IOA6] width was re-calculated to [262.969mil]
        Warning : Input port [SWCLK] width was re-calculated to [354.375mil]
        Warning : Unspecified port [IOA0] width was re-calculated to [262.969mil]
        Warning : Unspecified port [IOA0] width was re-calculated to [262.969mil]
        Warning : Input port [AU_B] width was re-calculated to [286.875mil]
        Warning : Unspecified port [IOA3] width was re-calculated to [262.969mil]
        Warning : Output port [AU_C] width was re-calculated to [290.938mil]
        Warning : Unspecified port [VDD5] width was re-calculated to [290.938mil]
    EndSection

    Section : Analyzing SCH Sheet - Sheet1.SCHDOC
    EndSection
EndSection
