


ARM Macro Assembler    Page 1 


    1 00000000         ;******************** (C) COPYRIGHT 2013 STMicroelectron
                       ics ********************
    2 00000000         ;* File Name          : startup_stm32f40_41xxx.s
    3 00000000         ;* Author             : MCD Application Team
    4 00000000         ;* Version            : V1.3.0
    5 00000000         ;* Date               : 08-November-2013
    6 00000000         ;* Description        : STM32F40xxx/41xxx devices vector
                        table for MDK-ARM toolchain. 
    7 00000000         ;*                      This module performs:
    8 00000000         ;*                      - Set the initial SP
    9 00000000         ;*                      - Set the initial PC == Reset_Ha
                       ndler
   10 00000000         ;*                      - Set the vector table entries w
                       ith the exceptions ISR address
   11 00000000         ;*                      - Configure the system clock and
                        the external SRAM mounted on 
   12 00000000         ;*                        STM324xG-EVAL board to be used
                        as data memory (optional, 
   13 00000000         ;*                        to be enabled by user)
   14 00000000         ;*                      - Branches to __main in the C li
                       brary (which eventually
   15 00000000         ;*                        calls main()).
   16 00000000         ;*                      After Reset the CortexM4 process
                       or is in Thread mode,
   17 00000000         ;*                      priority is Privileged, and the 
                       Stack is set to Main.
   18 00000000         ;* <<< Use Configuration Wizard in Context Menu >>>   
   19 00000000         ;*******************************************************
                       ************************
   20 00000000         ; 
   21 00000000         ; Licensed under MCD-ST Liberty SW License Agreement V2,
                        (the "License");
   22 00000000         ; You may not use this file except in compliance with th
                       e License.
   23 00000000         ; You may obtain a copy of the License at:
   24 00000000         ; 
   25 00000000         ;        http://www.st.com/software_license_agreement_li
                       berty_v2
   26 00000000         ; 
   27 00000000         ; Unless required by applicable law or agreed to in writ
                       ing, software 
   28 00000000         ; distributed under the License is distributed on an "AS
                        IS" BASIS, 
   29 00000000         ; WITHOUT WARRANTIES OR CONDITIONS OF ANY KIND, either e
                       xpress or implied.
   30 00000000         ; See the License for the specific language governing pe
                       rmissions and
   31 00000000         ; limitations under the License.
   32 00000000         ; 
   33 00000000         ;*******************************************************
                       ************************
   34 00000000         
   35 00000000         ; Amount of memory (in bytes) allocated for Stack
   36 00000000         ; Tailor this value to your application needs
   37 00000000         ; <h> Stack Configuration
   38 00000000         ;   <o> Stack Size (in Bytes) <0x0-0xFFFFFFFF:8>
   39 00000000         ; </h>
   40 00000000         
   41 00000000 00000100 



ARM Macro Assembler    Page 2 


                       Stack_Size
                               EQU              0x00000100
   42 00000000         
   43 00000000                 AREA             STACK, NOINIT, READWRITE, ALIGN
=3
   44 00000000         Stack_Mem
                               SPACE            Stack_Size
   45 00000100         __initial_sp
   46 00000100         
   47 00000100         ; <h> Heap Configuration
   48 00000100         ;   <o>  Heap Size (in Bytes) <0x0-0xFFFFFFFF:8>
   49 00000100         ; </h>
   50 00000100         
   51 00000100 00000100 
                       Heap_Size
                               EQU              0x00000100
   52 00000100         
   53 00000100                 AREA             HEAP, NOINIT, READWRITE, ALIGN=
3
   54 00000000         __heap_base
   55 00000000         Heap_Mem
                               SPACE            Heap_Size
   56 00000100         __heap_limit
   57 00000100         
   58 00000100                 PRESERVE8
   59 00000100                 THUMB
   60 00000100         
   61 00000100         
   62 00000100         ; Vector Table Mapped to Address 0 at Reset
   63 00000100                 AREA             RESET, DATA, READONLY
   64 00000000                 EXPORT           __Vectors
   65 00000000                 EXPORT           __Vectors_End
   66 00000000                 EXPORT           __Vectors_Size
   67 00000000         
   68 00000000 00000000 
                       __Vectors
                               DCD              __initial_sp ; Top of Stack
   69 00000004 00000000        DCD              Reset_Handler ; Reset Handler
   70 00000008         __Vectors_End
   71 00000008 00000008 
                       __Vectors_Size
                               EQU              __Vectors_End - __Vectors
   72 00000008         
   73 00000008                 AREA             |.text|, CODE, READONLY
   74 00000000         
   75 00000000         ; Reset handler
   76 00000000         Reset_Handler
                               PROC
   77 00000000                 EXPORT           Reset_Handler             [WEAK
]
   78 00000000                 IMPORT           SystemInit
   79 00000000                 IMPORT           __main
   80 00000000         
   81 00000000 4801            LDR              R0, =SystemInit
   82 00000002 4780            BLX              R0
   83 00000004 4801            LDR              R0, =__main
   84 00000006 4700            BX               R0
   85 00000008                 ENDP
   86 00000008         



ARM Macro Assembler    Page 3 


   87 00000008         
   88 00000008 00000000 
              00000000         AREA             STACK, NOINIT, READWRITE, ALIGN
=3
   89 00000100         ;AREA    RAM_FREE, NOINIT, READWRITE, ALIGN=3
   90 00000100         __ADDR_ram_free
   91 00000100                 AREA             ccmram, NOINIT, READWRITE, ALIG
N=3
   92 00000000         __ADDR_ccmram_free
   93 00000000         
   94 00000000         
   95 00000000                 ALIGN
   96 00000000         
   97 00000000         ;*******************************************************
                       ************************
   98 00000000         ; User Stack and Heap initialization
   99 00000000         ;*******************************************************
                       ************************
  100 00000000                 IF               :DEF:__MICROLIB
  101 00000000         
  102 00000000                 EXPORT           __initial_sp
  103 00000000                 EXPORT           __heap_base
  104 00000000                 EXPORT           __heap_limit
  105 00000000         
  106 00000000                 EXPORT           __ADDR_ram_free
  107 00000000                 EXPORT           __ADDR_ccmram_free
  108 00000000         
  109 00000000                 ELSE
  124                          ENDIF
  125 00000000         
  126 00000000                 END
Command Line: --debug --xref --cpu=Cortex-M4.fp --apcs=interwork --depend=.\obj
\startup_stm32f40_41xxx.d -o.\obj\startup_stm32f40_41xxx.o -IC:\Keil\ARM\RV31\I
NC -IC:\Keil\ARM\CMSIS\Include -IC:\Keil\ARM\Inc\ST\STM32F4xx --predefine="__MI
CROLIB SETA 1" --list=.\startup_stm32f40_41xxx.lst startup_stm32f40_41xxx.s



ARM Macro Assembler    Page 1 Alphabetic symbol ordering
Relocatable symbols

STACK 00000000

Symbol: STACK
   Definitions
      At line 43 in file startup_stm32f40_41xxx.s
   Uses
      None
Comment: STACK unused
Stack_Mem 00000000

Symbol: Stack_Mem
   Definitions
      At line 44 in file startup_stm32f40_41xxx.s
   Uses
      None
Comment: Stack_Mem unused
__ADDR_ram_free 00000100

Symbol: __ADDR_ram_free
   Definitions
      At line 90 in file startup_stm32f40_41xxx.s
   Uses
      At line 106 in file startup_stm32f40_41xxx.s
Comment: __ADDR_ram_free used once
__initial_sp 00000100

Symbol: __initial_sp
   Definitions
      At line 45 in file startup_stm32f40_41xxx.s
   Uses
      At line 68 in file startup_stm32f40_41xxx.s
      At line 102 in file startup_stm32f40_41xxx.s

4 symbols



ARM Macro Assembler    Page 1 Alphabetic symbol ordering
Relocatable symbols

HEAP 00000000

Symbol: HEAP
   Definitions
      At line 53 in file startup_stm32f40_41xxx.s
   Uses
      None
Comment: HEAP unused
Heap_Mem 00000000

Symbol: Heap_Mem
   Definitions
      At line 55 in file startup_stm32f40_41xxx.s
   Uses
      None
Comment: Heap_Mem unused
__heap_base 00000000

Symbol: __heap_base
   Definitions
      At line 54 in file startup_stm32f40_41xxx.s
   Uses
      At line 103 in file startup_stm32f40_41xxx.s
Comment: __heap_base used once
__heap_limit 00000100

Symbol: __heap_limit
   Definitions
      At line 56 in file startup_stm32f40_41xxx.s
   Uses
      At line 104 in file startup_stm32f40_41xxx.s
Comment: __heap_limit used once
4 symbols



ARM Macro Assembler    Page 1 Alphabetic symbol ordering
Relocatable symbols

RESET 00000000

Symbol: RESET
   Definitions
      At line 63 in file startup_stm32f40_41xxx.s
   Uses
      None
Comment: RESET unused
__Vectors 00000000

Symbol: __Vectors
   Definitions
      At line 68 in file startup_stm32f40_41xxx.s
   Uses
      At line 64 in file startup_stm32f40_41xxx.s
      At line 71 in file startup_stm32f40_41xxx.s

__Vectors_End 00000008

Symbol: __Vectors_End
   Definitions
      At line 70 in file startup_stm32f40_41xxx.s
   Uses
      At line 65 in file startup_stm32f40_41xxx.s
      At line 71 in file startup_stm32f40_41xxx.s

3 symbols



ARM Macro Assembler    Page 1 Alphabetic symbol ordering
Relocatable symbols

.text 00000000

Symbol: .text
   Definitions
      At line 73 in file startup_stm32f40_41xxx.s
   Uses
      None
Comment: .text unused
Reset_Handler 00000000

Symbol: Reset_Handler
   Definitions
      At line 76 in file startup_stm32f40_41xxx.s
   Uses
      At line 69 in file startup_stm32f40_41xxx.s
      At line 77 in file startup_stm32f40_41xxx.s

2 symbols



ARM Macro Assembler    Page 1 Alphabetic symbol ordering
Relocatable symbols

__ADDR_ccmram_free 00000000

Symbol: __ADDR_ccmram_free
   Definitions
      At line 92 in file startup_stm32f40_41xxx.s
   Uses
      At line 107 in file startup_stm32f40_41xxx.s
Comment: __ADDR_ccmram_free used once
ccmram 00000000

Symbol: ccmram
   Definitions
      At line 91 in file startup_stm32f40_41xxx.s
   Uses
      None
Comment: ccmram unused
2 symbols



ARM Macro Assembler    Page 1 Alphabetic symbol ordering
Absolute symbols

Heap_Size 00000100

Symbol: Heap_Size
   Definitions
      At line 51 in file startup_stm32f40_41xxx.s
   Uses
      At line 55 in file startup_stm32f40_41xxx.s
Comment: Heap_Size used once
Stack_Size 00000100

Symbol: Stack_Size
   Definitions
      At line 41 in file startup_stm32f40_41xxx.s
   Uses
      At line 44 in file startup_stm32f40_41xxx.s
Comment: Stack_Size used once
__Vectors_Size 00000008

Symbol: __Vectors_Size
   Definitions
      At line 71 in file startup_stm32f40_41xxx.s
   Uses
      At line 66 in file startup_stm32f40_41xxx.s
Comment: __Vectors_Size used once
3 symbols



ARM Macro Assembler    Page 1 Alphabetic symbol ordering
External symbols

SystemInit 00000000

Symbol: SystemInit
   Definitions
      At line 78 in file startup_stm32f40_41xxx.s
   Uses
      At line 81 in file startup_stm32f40_41xxx.s
Comment: SystemInit used once
__main 00000000

Symbol: __main
   Definitions
      At line 79 in file startup_stm32f40_41xxx.s
   Uses
      At line 83 in file startup_stm32f40_41xxx.s
Comment: __main used once
2 symbols
354 symbols in table
