


ARM Macro Assembler    Page 1 


    1 00000000         ;******************** (C) COPYRIGHT 2013 STMicroelectron
                       ics ********************
    2 00000000         ;* File Name          : startup_stm32f40_41xxx.s
    3 00000000         ;* Author             : MCD Application Team
    4 00000000         ;* Version            : V1.3.0
    5 00000000         ;* Date               : 08-November-2013
    6 00000000         ;* Description        : STM32F40xxx/41xxx devices vector
                        table for MDK-ARM toolchain. 
    7 00000000         ;*                      This module performs:
    8 00000000         ;*                      - Set the initial SP
    9 00000000         ;*                      - Set the initial PC == Reset_Ha
                       ndler
   10 00000000         ;*                      - Set the vector table entries w
                       ith the exceptions ISR address
   11 00000000         ;*                      - Configure the system clock and
                        the external SRAM mounted on 
   12 00000000         ;*                        STM324xG-EVAL board to be used
                        as data memory (optional, 
   13 00000000         ;*                        to be enabled by user)
   14 00000000         ;*                      - Branches to __main in the C li
                       brary (which eventually
   15 00000000         ;*                        calls main()).
   16 00000000         ;*                      After Reset the CortexM4 process
                       or is in Thread mode,
   17 00000000         ;*                      priority is Privileged, and the 
                       Stack is set to Main.
   18 00000000         ;* <<< Use Configuration Wizard in Context Menu >>>   
   19 00000000         ;*******************************************************
                       ************************
   20 00000000         ; 
   21 00000000         ; Licensed under MCD-ST Liberty SW License Agreement V2,
                        (the "License");
   22 00000000         ; You may not use this file except in compliance with th
                       e License.
   23 00000000         ; You may obtain a copy of the License at:
   24 00000000         ; 
   25 00000000         ;        http://www.st.com/software_license_agreement_li
                       berty_v2
   26 00000000         ; 
   27 00000000         ; Unless required by applicable law or agreed to in writ
                       ing, software 
   28 00000000         ; distributed under the License is distributed on an "AS
                        IS" BASIS, 
   29 00000000         ; WITHOUT WARRANTIES OR CONDITIONS OF ANY KIND, either e
                       xpress or implied.
   30 00000000         ; See the License for the specific language governing pe
                       rmissions and
   31 00000000         ; limitations under the License.
   32 00000000         ; 
   33 00000000         ;*******************************************************
                       ************************
   34 00000000         
   35 00000000         ; Amount of memory (in bytes) allocated for Stack
   36 00000000         ; Tailor this value to your application needs
   37 00000000         ; <h> Stack Configuration
   38 00000000         ;   <o> Stack Size (in Bytes) <0x0-0xFFFFFFFF:8>
   39 00000000         ; </h>
   40 00000000         
   41 00000000 00000100 



ARM Macro Assembler    Page 2 


                       Stack_Size
                               EQU              0x00000100
   42 00000000         
   43 00000000                 AREA             STACK, NOINIT, READWRITE, ALIGN
=3
   44 00000000         Stack_Mem
                               SPACE            Stack_Size
   45 00000100         __initial_sp
   46 00000100         
   47 00000100         
   48 00000100         ; <h> Heap Configuration
   49 00000100         ;   <o>  Heap Size (in Bytes) <0x0-0xFFFFFFFF:8>
   50 00000100         ; </h>
   51 00000100         
   52 00000100 00000100 
                       Heap_Size
                               EQU              0x00000100
   53 00000100         
   54 00000100                 AREA             HEAP, NOINIT, READWRITE, ALIGN=
3
   55 00000000         __heap_base
   56 00000000         Heap_Mem
                               SPACE            Heap_Size
   57 00000100         __heap_limit
   58 00000100         
   59 00000100                 PRESERVE8
   60 00000100                 THUMB
   61 00000100         
   62 00000100         
   63 00000100         ; Vector Table Mapped to Address 0 at Reset
   64 00000100                 AREA             RESET, DATA, READONLY
   65 00000000         
   66 00000000 00000000        DCD              Reset_Handler
   67 00000004 57 69 6C 
              64 20 53 
              6F 75 6E 
              64 20 49 
              49 20 42 
              79 20 45 
              6E 74 69 
              72 65 20 
              47 72 6F 
              75 70 20 
              20 20            DCB              "Wild Sound II By Entire Group 
  "
   68 00000024 48 65 6C 
              6C 6F 20 
              54 6F 20 
              54 53 4C 
              20 32 30 
              31 39 20 
              20 20 20 
              20 20 20 
              20 20 20 
              20 20 20 
              20 20            DCB              "Hello To TSL 2019             
  "
   69 00000044 01 00 06 
              00 01 00 



ARM Macro Assembler    Page 3 


              00 00            DCW              1,6,1,0
   70 0000004C         
   71 0000004C                 AREA             |.text|, CODE, READONLY
   72 00000000         ; Reset handler
   73 00000000         Reset_Handler
                               PROC
   74 00000000                 EXPORT           Reset_Handler             [WEAK
]
   75 00000000                 IMPORT           SystemInit
   76 00000000                 IMPORT           __main
   77 00000000         
   78 00000000 4801            LDR              R0, =SystemInit
   79 00000002 4780            BLX              R0
   80 00000004 4801            LDR              R0, =__main
   81 00000006 4700            BX               R0
   82 00000008                 ENDP
   83 00000008         
   84 00000008         
   85 00000008         ;*******************************************************
                       ************************
   86 00000008         ; User Stack and Heap initialization
   87 00000008         ;*******************************************************
                       ************************
   88 00000008                 IF               :DEF:__MICROLIB
   89 00000008         
   90 00000008                 EXPORT           __initial_sp
   91 00000008                 EXPORT           __heap_base
   92 00000008                 EXPORT           __heap_limit
   93 00000008         
   94 00000008                 ELSE
  109                          ENDIF
  110 00000008         
  111 00000008                 END
              00000000 
              00000000 
Command Line: --debug --xref --cpu=Cortex-M4.fp --apcs=interwork --depend=.\obj
\startup_stm32f40_41xxx.d -o.\obj\startup_stm32f40_41xxx.o -IC:\Keil\ARM\RV31\I
NC -IC:\Keil\ARM\CMSIS\Include -IC:\Keil\ARM\Inc\ST\STM32F4xx --predefine="__MI
CROLIB SETA 1" --list=.\startup_stm32f40_41xxx.lst startup_stm32f40_41xxx.s



ARM Macro Assembler    Page 1 Alphabetic symbol ordering
Relocatable symbols

STACK 00000000

Symbol: STACK
   Definitions
      At line 43 in file startup_stm32f40_41xxx.s
   Uses
      None
Comment: STACK unused
Stack_Mem 00000000

Symbol: Stack_Mem
   Definitions
      At line 44 in file startup_stm32f40_41xxx.s
   Uses
      None
Comment: Stack_Mem unused
__initial_sp 00000100

Symbol: __initial_sp
   Definitions
      At line 45 in file startup_stm32f40_41xxx.s
   Uses
      At line 90 in file startup_stm32f40_41xxx.s
Comment: __initial_sp used once
3 symbols



ARM Macro Assembler    Page 1 Alphabetic symbol ordering
Relocatable symbols

HEAP 00000000

Symbol: HEAP
   Definitions
      At line 54 in file startup_stm32f40_41xxx.s
   Uses
      None
Comment: HEAP unused
Heap_Mem 00000000

Symbol: Heap_Mem
   Definitions
      At line 56 in file startup_stm32f40_41xxx.s
   Uses
      None
Comment: Heap_Mem unused
__heap_base 00000000

Symbol: __heap_base
   Definitions
      At line 55 in file startup_stm32f40_41xxx.s
   Uses
      At line 91 in file startup_stm32f40_41xxx.s
Comment: __heap_base used once
__heap_limit 00000100

Symbol: __heap_limit
   Definitions
      At line 57 in file startup_stm32f40_41xxx.s
   Uses
      At line 92 in file startup_stm32f40_41xxx.s
Comment: __heap_limit used once
4 symbols



ARM Macro Assembler    Page 1 Alphabetic symbol ordering
Relocatable symbols

RESET 00000000

Symbol: RESET
   Definitions
      At line 64 in file startup_stm32f40_41xxx.s
   Uses
      None
Comment: RESET unused
1 symbol



ARM Macro Assembler    Page 1 Alphabetic symbol ordering
Relocatable symbols

.text 00000000

Symbol: .text
   Definitions
      At line 71 in file startup_stm32f40_41xxx.s
   Uses
      None
Comment: .text unused
Reset_Handler 00000000

Symbol: Reset_Handler
   Definitions
      At line 73 in file startup_stm32f40_41xxx.s
   Uses
      At line 66 in file startup_stm32f40_41xxx.s
      At line 74 in file startup_stm32f40_41xxx.s

2 symbols



ARM Macro Assembler    Page 1 Alphabetic symbol ordering
Absolute symbols

Heap_Size 00000100

Symbol: Heap_Size
   Definitions
      At line 52 in file startup_stm32f40_41xxx.s
   Uses
      At line 56 in file startup_stm32f40_41xxx.s
Comment: Heap_Size used once
Stack_Size 00000100

Symbol: Stack_Size
   Definitions
      At line 41 in file startup_stm32f40_41xxx.s
   Uses
      At line 44 in file startup_stm32f40_41xxx.s
Comment: Stack_Size used once
2 symbols



ARM Macro Assembler    Page 1 Alphabetic symbol ordering
External symbols

SystemInit 00000000

Symbol: SystemInit
   Definitions
      At line 75 in file startup_stm32f40_41xxx.s
   Uses
      At line 78 in file startup_stm32f40_41xxx.s
Comment: SystemInit used once
__main 00000000

Symbol: __main
   Definitions
      At line 76 in file startup_stm32f40_41xxx.s
   Uses
      At line 80 in file startup_stm32f40_41xxx.s
Comment: __main used once
2 symbols
348 symbols in table
